<?xml version="1.0" encoding="UTF-8"?>
<testng-results ignored="0" total="3" passed="3" failed="0" skipped="0">
  <reporter-output>
  </reporter-output>
  <suite started-at="2023-07-17T16:05:10 IST" name="Suite" finished-at="2023-07-17T16:07:30 IST" duration-ms="139857">
    <groups>
    </groups>
    <test started-at="2023-07-17T16:05:10 IST" name="Account_Creation_Test" finished-at="2023-07-17T16:05:30 IST" duration-ms="20504">
      <class name="MagnetoFramework.Luma.tests.Account2">
        <test-method signature="verifying_User_Account_Creation()[pri:0, instance:MagnetoFramework.Luma.tests.Account2@3a44431a]" started-at="2023-07-17T16:05:10 IST" name="verifying_User_Account_Creation" finished-at="2023-07-17T16:05:30 IST" duration-ms="20442" status="PASS">
          <reporter-output>
          </reporter-output>
        </test-method> <!-- verifying_User_Account_Creation -->
      </class> <!-- MagnetoFramework.Luma.tests.Account2 -->
    </test> <!-- Account_Creation_Test -->
    <test started-at="2023-07-17T16:05:31 IST" name="SignIn_Test" finished-at="2023-07-17T16:05:58 IST" duration-ms="27172">
      <class name="MagnetoFramework.Luma.tests.Signin2">
        <test-method signature="user_Account_Signin()[pri:0, instance:MagnetoFramework.Luma.tests.Signin2@1e6a3214]" started-at="2023-07-17T16:05:31 IST" name="user_Account_Signin" finished-at="2023-07-17T16:05:58 IST" duration-ms="27165" status="PASS">
          <reporter-output>
          </reporter-output>
        </test-method> <!-- user_Account_Signin -->
      </class> <!-- MagnetoFramework.Luma.tests.Signin2 -->
    </test> <!-- SignIn_Test -->
    <test started-at="2023-07-17T16:05:58 IST" name="AddToCart_Test" finished-at="2023-07-17T16:07:30 IST" duration-ms="91339">
      <class name="MagnetoFramework.Luma.tests.AddToCart2">
        <test-method signature="product_Purchase_AddToCart()[pri:0, instance:MagnetoFramework.Luma.tests.AddToCart2@3c77d488]" started-at="2023-07-17T16:05:58 IST" name="product_Purchase_AddToCart" finished-at="2023-07-17T16:07:30 IST" duration-ms="91329" status="PASS">
          <reporter-output>
          </reporter-output>
        </test-method> <!-- product_Purchase_AddToCart -->
      </class> <!-- MagnetoFramework.Luma.tests.AddToCart2 -->
    </test> <!-- AddToCart_Test -->
  </suite> <!-- Suite -->
</testng-results>
