<?xml version="1.0" encoding="UTF-8"?>
<!-- Generated by org.testng.reporters.JUnitXMLReporter -->
<testsuite ignored="0" hostname="PRATIK" failures="0" tests="3" name="Test" time="126.454" errors="0" timestamp="2023-07-17T16:02:08 IST">
  <testcase classname="MagnetoFramework.Luma.tests.Signin2" name="user_Account_Signin" time="29.147"/>
  <testcase classname="MagnetoFramework.Luma.tests.Account2" name="verifying_User_Account_Creation" time="17.231"/>
  <testcase classname="MagnetoFramework.Luma.tests.AddToCart2" name="product_Purchase_AddToCart" time="79.987"/>
</testsuite> <!-- Test -->
